Using pre-set license
Built from '2021.3/staging' branch; Version is '2021.3.15f1 (e8e88683f834) revision 15263878'; Using compiler version '192829333'; Build Type 'Release'
OS: 'Windows 10  (10.0.19045) 64bit Professional' Language: 'pt' Physical Memory: 16330 MB
BatchMode: 1, IsHumanControllingUs: 0, StartBugReporterOnCrash: 0, Is64bit: 1, IsPro: 1

COMMAND LINE ARGUMENTS:
C:\Program Files\Unity\Hub\Editor\2021.3.15f1\Editor\Unity.exe
-adb2
-batchMode
-noUpm
-name
AssetImportWorker1
-projectPath
C:/Users/marka/Documents/GitHub/paintball-fps/Paintball FPS
-logFile
Logs/AssetImportWorker1.log
-srvPort
60044
Successfully changed project path to: C:/Users/marka/Documents/GitHub/paintball-fps/Paintball FPS
C:/Users/marka/Documents/GitHub/paintball-fps/Paintball FPS
[UnityMemory] Configuration Parameters - Can be set up in boot.config
    "memorysetup-bucket-allocator-granularity=16"
    "memorysetup-bucket-allocator-bucket-count=8"
    "memorysetup-bucket-allocator-block-size=33554432"
    "memorysetup-bucket-allocator-block-count=8"
    "memorysetup-main-allocator-block-size=16777216"
    "memorysetup-thread-allocator-block-size=16777216"
    "memorysetup-gfx-main-allocator-block-size=16777216"
    "memorysetup-gfx-thread-allocator-block-size=16777216"
    "memorysetup-cache-allocator-block-size=4194304"
    "memorysetup-typetree-allocator-block-size=2097152"
    "memorysetup-profiler-bucket-allocator-granularity=16"
    "memorysetup-profiler-bucket-allocator-bucket-count=8"
    "memorysetup-profiler-bucket-allocator-block-size=33554432"
    "memorysetup-profiler-bucket-allocator-block-count=8"
    "memorysetup-profiler-allocator-block-size=16777216"
    "memorysetup-profiler-editor-allocator-block-size=1048576"
    "memorysetup-temp-allocator-size-main=16777216"
    "memorysetup-job-temp-allocator-block-size=2097152"
    "memorysetup-job-temp-allocator-block-size-background=1048576"
    "memorysetup-job-temp-allocator-reduction-small-platforms=262144"
    "memorysetup-temp-allocator-size-background-worker=32768"
    "memorysetup-temp-allocator-size-job-worker=262144"
    "memorysetup-temp-allocator-size-preload-manager=33554432"
    "memorysetup-temp-allocator-size-nav-mesh-worker=65536"
    "memorysetup-temp-allocator-size-audio-worker=65536"
    "memorysetup-temp-allocator-size-cloud-worker=32768"
    "memorysetup-temp-allocator-size-gi-baking-worker=262144"
    "memorysetup-temp-allocator-size-gfx=262144"
Player connection [19152] Host "[IP] 172.16.0.2 [Port] 0 [Flags] 2 [Guid] 3186747191 [EditorId] 3186747191 [Version] 1048832 [Id] WindowsEditor(7,DESKTOP-A8GFU8V) [Debug] 1 [PackageName] WindowsEditor [ProjectName] Editor" joined multi-casting on [225.0.0.222:54997]...

Player connection [19152] Host "[IP] 172.16.0.2 [Port] 0 [Flags] 2 [Guid] 3186747191 [EditorId] 3186747191 [Version] 1048832 [Id] WindowsEditor(7,DESKTOP-A8GFU8V) [Debug] 1 [PackageName] WindowsEditor [ProjectName] Editor" joined alternative multi-casting on [225.0.0.222:34997]...

Refreshing native plugins compatible for Editor in 58.30 ms, found 3 plugins.
Preloading 0 native plugins for Editor in 0.00 ms.
Initialize engine version: 2021.3.15f1 (e8e88683f834)
[Subsystems] Discovering subsystems at path C:/Program Files/Unity/Hub/Editor/2021.3.15f1/Editor/Data/Resources/UnitySubsystems
[Subsystems] Discovering subsystems at path C:/Users/marka/Documents/GitHub/paintball-fps/Paintball FPS/Assets
GfxDevice: creating device client; threaded=0; jobified=0
Direct3D:
    Version:  Direct3D 11.0 [level 11.1]
    Renderer: NVIDIA GeForce RTX 3060 (ID=0x2487)
    Vendor:   NVIDIA
    VRAM:     12124 MB
    Driver:   31.0.15.3623
Initialize mono
Mono path[0] = 'C:/Program Files/Unity/Hub/Editor/2021.3.15f1/Editor/Data/Managed'
Mono path[1] = 'C:/Program Files/Unity/Hub/Editor/2021.3.15f1/Editor/Data/MonoBleedingEdge/lib/mono/unityjit-win32'
Mono config path = 'C:/Program Files/Unity/Hub/Editor/2021.3.15f1/Editor/Data/MonoBleedingEdge/etc'
Using monoOptions --debugger-agent=transport=dt_socket,embedding=1,server=y,suspend=n,address=127.0.0.1:56908
Begin MonoManager ReloadAssembly
Registering precompiled unity dll's ...
Register platform support module: C:/Program Files/Unity/Hub/Editor/2021.3.15f1/Editor/Data/PlaybackEngines/WebGLSupport/UnityEditor.WebGL.Extensions.dll
Register platform support module: C:/Program Files/Unity/Hub/Editor/2021.3.15f1/Editor/Data/PlaybackEngines/AndroidPlayer/UnityEditor.Android.Extensions.dll
Register platform support module: C:/Program Files/Unity/Hub/Editor/2021.3.15f1/Editor/Data/PlaybackEngines/WindowsStandaloneSupport/UnityEditor.WindowsStandalone.Extensions.dll
Register platform support module: C:/Program Files/Unity/Hub/Editor/2021.3.15f1/Editor/Data/PlaybackEngines/LinuxStandaloneSupport/UnityEditor.LinuxStandalone.Extensions.dll
Registered in 0.007313 seconds.
Native extension for LinuxStandalone target not found
Native extension for WindowsStandalone target not found
Native extension for Android target not found
Native extension for WebGL target not found
Refreshing native plugins compatible for Editor in 58.02 ms, found 3 plugins.
Preloading 0 native plugins for Editor in 0.00 ms.
Mono: successfully reloaded assembly
- Completed reload, in  0.474 seconds
Domain Reload Profiling:
	ReloadAssembly (475ms)
		BeginReloadAssembly (55ms)
			ExecutionOrderSort (0ms)
			DisableScriptedObjects (0ms)
			BackupInstance (0ms)
			ReleaseScriptingObjects (0ms)
			CreateAndSetChildDomain (1ms)
		EndReloadAssembly (339ms)
			LoadAssemblies (54ms)
			RebuildTransferFunctionScriptingTraits (0ms)
			SetupTypeCache (73ms)
			ReleaseScriptCaches (0ms)
			RebuildScriptCaches (20ms)
			SetupLoadedEditorAssemblies (208ms)
				LogAssemblyErrors (0ms)
				InitializePlatformSupportModulesInManaged (43ms)
				SetLoadedEditorAssemblies (0ms)
				RefreshPlugins (58ms)
				BeforeProcessingInitializeOnLoad (1ms)
				ProcessInitializeOnLoadAttributes (74ms)
				ProcessInitializeOnLoadMethodAttributes (31ms)
				AfterProcessingInitializeOnLoad (0ms)
				EditorAssembliesLoaded (0ms)
			ExecutionOrderSort2 (0ms)
			AwakeInstancesAfterBackupRestoration (0ms)
Platform modules already initialized, skipping
Registering precompiled user dll's ...
Registered in 0.005052 seconds.
Begin MonoManager ReloadAssembly
Symbol file LoadedFromMemory doesn't match image C:\Users\marka\Documents\GitHub\paintball-fps\Paintball FPS\Library\PackageCache\com.unity.visualscripting@1.7.8\Editor\VisualScripting.Core\Dependencies\YamlDotNet\Unity.VisualScripting.YamlDotNet.dll
Symbol file LoadedFromMemory doesn't match image C:\Users\marka\Documents\GitHub\paintball-fps\Paintball FPS\Library\PackageCache\com.unity.visualscripting@1.7.8\Editor\VisualScripting.Core\Dependencies\DotNetZip\Unity.VisualScripting.IonicZip.dll
Native extension for LinuxStandalone target not found
Native extension for WindowsStandalone target not found
Native extension for Android target not found
Native extension for WebGL target not found
Refreshing native plugins compatible for Editor in 0.60 ms, found 3 plugins.
Preloading 0 native plugins for Editor in 0.00 ms.
Mono: successfully reloaded assembly
- Completed reload, in  0.863 seconds
Domain Reload Profiling:
	ReloadAssembly (864ms)
		BeginReloadAssembly (186ms)
			ExecutionOrderSort (0ms)
			DisableScriptedObjects (5ms)
			BackupInstance (0ms)
			ReleaseScriptingObjects (0ms)
			CreateAndSetChildDomain (119ms)
		EndReloadAssembly (598ms)
			LoadAssemblies (63ms)
			RebuildTransferFunctionScriptingTraits (0ms)
			SetupTypeCache (190ms)
			ReleaseScriptCaches (0ms)
			RebuildScriptCaches (38ms)
			SetupLoadedEditorAssemblies (281ms)
				LogAssemblyErrors (0ms)
				InitializePlatformSupportModulesInManaged (15ms)
				SetLoadedEditorAssemblies (0ms)
				RefreshPlugins (1ms)
				BeforeProcessingInitializeOnLoad (68ms)
				ProcessInitializeOnLoadAttributes (171ms)
				ProcessInitializeOnLoadMethodAttributes (19ms)
				AfterProcessingInitializeOnLoad (7ms)
				EditorAssembliesLoaded (0ms)
			ExecutionOrderSort2 (0ms)
			AwakeInstancesAfterBackupRestoration (4ms)
Platform modules already initialized, skipping
========================================================================
Worker process is ready to serve import requests
Launched and connected shader compiler UnityShaderCompiler.exe after 0.03 seconds
Refreshing native plugins compatible for Editor in 0.76 ms, found 3 plugins.
Preloading 0 native plugins for Editor in 0.00 ms.
Unloading 3404 Unused Serialized files (Serialized files now loaded: 0)
Unloading 25 unused Assets / (56.5 KB). Loaded Objects now: 3866.
Memory consumption went from 117.5 MB to 117.4 MB.
Total: 2.499300 ms (FindLiveObjects: 0.256300 ms CreateObjectMapping: 0.087400 ms MarkObjects: 2.092200 ms  DeleteObjects: 0.062600 ms)

AssetImportParameters requested are different than current active one (requested -> active):
  custom:video-decoder-ogg-theora: a1e56fd34408186e4bbccfd4996cb3dc -> 
  custom:container-muxer-webm: aa71ff27fc2769a1b78a27578f13a17b -> 
  custom:container-demuxer-webm: 4f35f7cbe854078d1ac9338744f61a02 -> 
  custom:video-encoder-webm-vp8: eb34c28f22e8b96e1ab97ce403110664 -> 
  custom:audio-encoder-webm-vorbis: bf7c407c2cedff20999df2af8eb42d56 -> 
  custom:framework-win-MediaFoundation: 216162199b28c13a410421893ffa2e32 -> 
  custom:container-demuxer-ogg: 62fdf1f143b41e24485cea50d1cbac27 -> 
  custom:video-decoder-webm-vp8: 9c59270c3fd7afecdb556c50c9e8de78 -> 
  custom:audio-decoder-ogg-vorbis: bf7c407c2cedff20999df2af8eb42d56 -> 
========================================================================
Received Import Request.
  Time since last request: 29111.156975 seconds.
  path: Assets/Megapoly.Art
  artifactKey: Guid(7766656848076ca488fac277906c1b37) Importer(815301076,1909f56bfc062723c751e8b465ee728b)
Start importing Assets/Megapoly.Art using Guid(7766656848076ca488fac277906c1b37) Importer(815301076,1909f56bfc062723c751e8b465ee728b)  -> (artifact id: 'd57fd6a97cc1f8d6a4e543391498ad30') in 0.011174 seconds 
========================================================================
Received Import Request.
  Time since last request: 5.348965 seconds.
  path: Assets/Models/Megapoly/Prefabs/Blue_ButtonRectangularwFrame.prefab
  artifactKey: Guid(09c1fbedae56d3347800acc4d9e76b18) Importer(815301076,1909f56bfc062723c751e8b465ee728b)
Start importing Assets/Models/Megapoly/Prefabs/Blue_ButtonRectangularwFrame.prefab using Guid(09c1fbedae56d3347800acc4d9e76b18) Importer(815301076,1909f56bfc062723c751e8b465ee728b)  -> (artifact id: 'be967a6d10fe0c79a12265f8f7571a90') in 0.088808 seconds 
========================================================================
Received Import Request.
  Time since last request: 0.000021 seconds.
  path: Assets/Models/Megapoly/Prefabs/Simple_Knob_BlueWhite.prefab
  artifactKey: Guid(ba6c2060c9890e845a14fb5b8ef3b948) Importer(815301076,1909f56bfc062723c751e8b465ee728b)
Start importing Assets/Models/Megapoly/Prefabs/Simple_Knob_BlueWhite.prefab using Guid(ba6c2060c9890e845a14fb5b8ef3b948) Importer(815301076,1909f56bfc062723c751e8b465ee728b)  -> (artifact id: '80e84683fff61c0a32114408b1ddc3c2') in 0.012649 seconds 
========================================================================
Received Import Request.
  Time since last request: 0.000025 seconds.
  path: Assets/Models/Megapoly/Prefabs/Gauge_Square.prefab
  artifactKey: Guid(05e9e47448795424c82917b515c7b876) Importer(815301076,1909f56bfc062723c751e8b465ee728b)
Start importing Assets/Models/Megapoly/Prefabs/Gauge_Square.prefab using Guid(05e9e47448795424c82917b515c7b876) Importer(815301076,1909f56bfc062723c751e8b465ee728b)  -> (artifact id: '05c1fe25e30dda48e2a79dba05164f2c') in 0.012160 seconds 
========================================================================
Received Import Request.
  Time since last request: 0.000015 seconds.
  path: Assets/Models/Megapoly/Prefabs/Knob_Plate.prefab
  artifactKey: Guid(d038a107fdf26a243b241da54199b01f) Importer(815301076,1909f56bfc062723c751e8b465ee728b)
Start importing Assets/Models/Megapoly/Prefabs/Knob_Plate.prefab using Guid(d038a107fdf26a243b241da54199b01f) Importer(815301076,1909f56bfc062723c751e8b465ee728b)  -> (artifact id: '6e8ce519ce430ccfdf02de20c72541af') in 0.011910 seconds 
========================================================================
Received Import Request.
  Time since last request: 0.000017 seconds.
  path: Assets/Models/Megapoly/Prefabs/SingleMonitorFrame_Center.prefab
  artifactKey: Guid(1bfad8f77e7256140b600108dacca681) Importer(815301076,1909f56bfc062723c751e8b465ee728b)
Start importing Assets/Models/Megapoly/Prefabs/SingleMonitorFrame_Center.prefab using Guid(1bfad8f77e7256140b600108dacca681) Importer(815301076,1909f56bfc062723c751e8b465ee728b)  -> (artifact id: '2ac8418198b33a8e9ae3cb69ed78bcad') in 0.012102 seconds 
========================================================================
Received Import Request.
  Time since last request: 0.000017 seconds.
  path: Assets/Models/Megapoly/Prefabs/Needle_Knob_Black.prefab
  artifactKey: Guid(d53d645bd83adf8448cfe205b64f162d) Importer(815301076,1909f56bfc062723c751e8b465ee728b)
Start importing Assets/Models/Megapoly/Prefabs/Needle_Knob_Black.prefab using Guid(d53d645bd83adf8448cfe205b64f162d) Importer(815301076,1909f56bfc062723c751e8b465ee728b)  -> (artifact id: '9dedbeb2af9c8d7081b1db8ba67aae7d') in 0.013248 seconds 
========================================================================
Received Import Request.
  Time since last request: 0.000016 seconds.
  path: Assets/Models/Megapoly/Prefabs/Simple_Knob_Black.prefab
  artifactKey: Guid(820106c22f2d36e40814879e974a6453) Importer(815301076,1909f56bfc062723c751e8b465ee728b)
Start importing Assets/Models/Megapoly/Prefabs/Simple_Knob_Black.prefab using Guid(820106c22f2d36e40814879e974a6453) Importer(815301076,1909f56bfc062723c751e8b465ee728b)  -> (artifact id: 'be98398e443b0b9e389d508a2d2a0903') in 0.011659 seconds 
========================================================================
Received Import Request.
  Time since last request: 0.000014 seconds.
  path: Assets/Models/Megapoly/Prefabs/Knob_Plate_Big.prefab
  artifactKey: Guid(78ea3e7b17915de40a24d5cc4855c900) Importer(815301076,1909f56bfc062723c751e8b465ee728b)
Start importing Assets/Models/Megapoly/Prefabs/Knob_Plate_Big.prefab using Guid(78ea3e7b17915de40a24d5cc4855c900) Importer(815301076,1909f56bfc062723c751e8b465ee728b)  -> (artifact id: 'd76db9379b7bf7ee4886d7fdbe831b1e') in 0.010467 seconds 
========================================================================
Received Import Request.
  Time since last request: 0.000015 seconds.
  path: Assets/Models/Megapoly/Prefabs/Red_ButtonRectangular.prefab
  artifactKey: Guid(95cf065a0b25fd94f9175dd2f2fa3173) Importer(815301076,1909f56bfc062723c751e8b465ee728b)
Start importing Assets/Models/Megapoly/Prefabs/Red_ButtonRectangular.prefab using Guid(95cf065a0b25fd94f9175dd2f2fa3173) Importer(815301076,1909f56bfc062723c751e8b465ee728b)  -> (artifact id: '9a39bf29947d1b48435cf8876ae00175') in 0.010629 seconds 
========================================================================
Received Import Request.
  Time since last request: 0.000017 seconds.
  path: Assets/Models/Megapoly/Prefabs/Gauge_Round_2.prefab
  artifactKey: Guid(dd9485631b4d4e04a9d908e58cd6c025) Importer(815301076,1909f56bfc062723c751e8b465ee728b)
Start importing Assets/Models/Megapoly/Prefabs/Gauge_Round_2.prefab using Guid(dd9485631b4d4e04a9d908e58cd6c025) Importer(815301076,1909f56bfc062723c751e8b465ee728b)  -> (artifact id: '5753de265447029e093769a96c2acdb0') in 0.013217 seconds 
========================================================================
Received Import Request.
  Time since last request: 0.000014 seconds.
  path: Assets/Models/Megapoly/Prefabs/Yellow_ButtonRectangular.prefab
  artifactKey: Guid(c75f690e2a4e3ee41be72faf48fb3416) Importer(815301076,1909f56bfc062723c751e8b465ee728b)
Start importing Assets/Models/Megapoly/Prefabs/Yellow_ButtonRectangular.prefab using Guid(c75f690e2a4e3ee41be72faf48fb3416) Importer(815301076,1909f56bfc062723c751e8b465ee728b)  -> (artifact id: 'd25d95c525a816cb92c60541bd937ae0') in 0.009726 seconds 
========================================================================
Received Import Request.
  Time since last request: 0.000015 seconds.
  path: Assets/Models/Megapoly/Prefabs/Simple_Knob_RedBlack.prefab
  artifactKey: Guid(0c7047839fbd6244f8039a9be5fcd336) Importer(815301076,1909f56bfc062723c751e8b465ee728b)
Start importing Assets/Models/Megapoly/Prefabs/Simple_Knob_RedBlack.prefab using Guid(0c7047839fbd6244f8039a9be5fcd336) Importer(815301076,1909f56bfc062723c751e8b465ee728b)  -> (artifact id: '540056d14ff86732b15de7f6240f9026') in 0.010997 seconds 
========================================================================
Received Import Request.
  Time since last request: 0.000014 seconds.
  path: Assets/Models/Megapoly/Prefabs/Handle_Short.prefab
  artifactKey: Guid(7ff3fa3ed774df04099af6fe3b1422c3) Importer(815301076,1909f56bfc062723c751e8b465ee728b)
Start importing Assets/Models/Megapoly/Prefabs/Handle_Short.prefab using Guid(7ff3fa3ed774df04099af6fe3b1422c3) Importer(815301076,1909f56bfc062723c751e8b465ee728b)  -> (artifact id: '53de4d2f826a4e4c02d80de3a3a84ce2') in 0.010504 seconds 
========================================================================
Received Import Request.
  Time since last request: 0.000017 seconds.
  path: Assets/Models/Megapoly/Prefabs/PushButtonBlue.prefab
  artifactKey: Guid(231bbde20db37874a80e7de41234ff03) Importer(815301076,1909f56bfc062723c751e8b465ee728b)
Start importing Assets/Models/Megapoly/Prefabs/PushButtonBlue.prefab using Guid(231bbde20db37874a80e7de41234ff03) Importer(815301076,1909f56bfc062723c751e8b465ee728b)  -> (artifact id: 'bdf50ab4e1edc1b985f1e8ac4c951c5d') in 0.010645 seconds 
========================================================================
Received Import Request.
  Time since last request: 0.000013 seconds.
  path: Assets/Models/Megapoly/Prefabs/PushButtonRedwFrame.prefab
  artifactKey: Guid(6317f4d187d66174988271f4f486aa60) Importer(815301076,1909f56bfc062723c751e8b465ee728b)
Start importing Assets/Models/Megapoly/Prefabs/PushButtonRedwFrame.prefab using Guid(6317f4d187d66174988271f4f486aa60) Importer(815301076,1909f56bfc062723c751e8b465ee728b)  -> (artifact id: '69675727e1a57f9115ecbdc54f5f9cde') in 0.011273 seconds 
========================================================================
Received Import Request.
  Time since last request: 0.000017 seconds.
  path: Assets/Models/Megapoly/Prefabs/SinglePlate.prefab
  artifactKey: Guid(db307b7281f3f89469e2809c61b47520) Importer(815301076,1909f56bfc062723c751e8b465ee728b)
Start importing Assets/Models/Megapoly/Prefabs/SinglePlate.prefab using Guid(db307b7281f3f89469e2809c61b47520) Importer(815301076,1909f56bfc062723c751e8b465ee728b)  -> (artifact id: 'fa5245704f4a27c2ab39a8f1b2844db6') in 0.009922 seconds 
========================================================================
Received Import Request.
  Time since last request: 0.000026 seconds.
  path: Assets/Models/Megapoly/Prefabs/Switch.prefab
  artifactKey: Guid(6640cdc63f3895048b31bbaeee62795b) Importer(815301076,1909f56bfc062723c751e8b465ee728b)
Start importing Assets/Models/Megapoly/Prefabs/Switch.prefab using Guid(6640cdc63f3895048b31bbaeee62795b) Importer(815301076,1909f56bfc062723c751e8b465ee728b)  -> (artifact id: 'c35e26bf18be9b7cdc9684009afb6705') in 0.010103 seconds 
========================================================================
Received Import Request.
  Time since last request: 0.000015 seconds.
  path: Assets/Models/Megapoly/Prefabs/Yellow_ButtonRectangularwFrame.prefab
  artifactKey: Guid(2595025f065a0aa4ca4cda110abdc1b3) Importer(815301076,1909f56bfc062723c751e8b465ee728b)
Start importing Assets/Models/Megapoly/Prefabs/Yellow_ButtonRectangularwFrame.prefab using Guid(2595025f065a0aa4ca4cda110abdc1b3) Importer(815301076,1909f56bfc062723c751e8b465ee728b)  -> (artifact id: '0158f78583d27a67395c99e5d55a32d0') in 0.011914 seconds 
========================================================================
Received Import Request.
  Time since last request: 0.000013 seconds.
  path: Assets/Models/Megapoly/Prefabs/PushButtonYellow.prefab
  artifactKey: Guid(064bbcb030021ee41aa51899d220986f) Importer(815301076,1909f56bfc062723c751e8b465ee728b)
Start importing Assets/Models/Megapoly/Prefabs/PushButtonYellow.prefab using Guid(064bbcb030021ee41aa51899d220986f) Importer(815301076,1909f56bfc062723c751e8b465ee728b)  -> (artifact id: 'f30999d9e9cbefbb672bff5ff18040b0') in 0.010716 seconds 
========================================================================
Received Import Request.
  Time since last request: 0.000015 seconds.
  path: Assets/Models/Megapoly/Prefabs/Monitor_CRT.prefab
  artifactKey: Guid(24ee88865e48f4f42ab86a745f0dcb3a) Importer(815301076,1909f56bfc062723c751e8b465ee728b)
Start importing Assets/Models/Megapoly/Prefabs/Monitor_CRT.prefab using Guid(24ee88865e48f4f42ab86a745f0dcb3a) Importer(815301076,1909f56bfc062723c751e8b465ee728b)  -> (artifact id: '539614325518232d1e7341ea2f45e1f3') in 0.012282 seconds 
========================================================================
Received Import Request.
  Time since last request: 0.000018 seconds.
  path: Assets/Models/Megapoly/Prefabs/Knob_Black.prefab
  artifactKey: Guid(32d4e1a05774c6d4eb75e07df6799121) Importer(815301076,1909f56bfc062723c751e8b465ee728b)
Start importing Assets/Models/Megapoly/Prefabs/Knob_Black.prefab using Guid(32d4e1a05774c6d4eb75e07df6799121) Importer(815301076,1909f56bfc062723c751e8b465ee728b)  -> (artifact id: 'dcdac4ce1356749442dacf3dfbde7ad9') in 0.010450 seconds 
========================================================================
Received Import Request.
  Time since last request: 0.000017 seconds.
  path: Assets/Models/Megapoly/Prefabs/Monitor_Round.prefab
  artifactKey: Guid(4b254a3dc6a244845bba5d5bb6bd3840) Importer(815301076,1909f56bfc062723c751e8b465ee728b)
Start importing Assets/Models/Megapoly/Prefabs/Monitor_Round.prefab using Guid(4b254a3dc6a244845bba5d5bb6bd3840) Importer(815301076,1909f56bfc062723c751e8b465ee728b)  -> (artifact id: '1642e46fcaaa1247f95064f7a6f7733e') in 0.010834 seconds 
========================================================================
Received Import Request.
  Time since last request: 0.000016 seconds.
  path: Assets/Models/Megapoly/Prefabs/Roller_3.prefab
  artifactKey: Guid(e6beb0368d46a234db5b025c2a47d82c) Importer(815301076,1909f56bfc062723c751e8b465ee728b)
Start importing Assets/Models/Megapoly/Prefabs/Roller_3.prefab using Guid(e6beb0368d46a234db5b025c2a47d82c) Importer(815301076,1909f56bfc062723c751e8b465ee728b)  -> (artifact id: '97031b04f6e22b08c38b2da470ac7950') in 0.010594 seconds 
========================================================================
Received Import Request.
  Time since last request: 0.000017 seconds.
  path: Assets/Models/Megapoly/Prefabs/Monitor_Big.prefab
  artifactKey: Guid(4bbccccf111530448a243975fde15b6f) Importer(815301076,1909f56bfc062723c751e8b465ee728b)
Start importing Assets/Models/Megapoly/Prefabs/Monitor_Big.prefab using Guid(4bbccccf111530448a243975fde15b6f) Importer(815301076,1909f56bfc062723c751e8b465ee728b)  -> (artifact id: 'dd102b835034009f0a5f5d8230bd33a2') in 0.011588 seconds 
========================================================================
Received Import Request.
  Time since last request: 0.000016 seconds.
  path: Assets/Models/Megapoly/Prefabs/Empty_RectUnit.prefab
  artifactKey: Guid(7dca2ccf92d31b9498b18a38dced5315) Importer(815301076,1909f56bfc062723c751e8b465ee728b)
Start importing Assets/Models/Megapoly/Prefabs/Empty_RectUnit.prefab using Guid(7dca2ccf92d31b9498b18a38dced5315) Importer(815301076,1909f56bfc062723c751e8b465ee728b)  -> (artifact id: '6eeea2a1ca63d55ab777121acb51047f') in 0.012283 seconds 
========================================================================
Received Import Request.
  Time since last request: 0.000020 seconds.
  path: Assets/Models/Megapoly/Prefabs/Roller_2.prefab
  artifactKey: Guid(3ba0135bc80bd3f4f87ea85e8bab59f8) Importer(815301076,1909f56bfc062723c751e8b465ee728b)
Start importing Assets/Models/Megapoly/Prefabs/Roller_2.prefab using Guid(3ba0135bc80bd3f4f87ea85e8bab59f8) Importer(815301076,1909f56bfc062723c751e8b465ee728b)  -> (artifact id: 'dbbecff62898e598fb77b01d690bade4') in 0.009672 seconds 
========================================================================
Received Import Request.
  Time since last request: 0.000015 seconds.
  path: Assets/Models/Megapoly/Prefabs/SingleMonitorFrame.prefab
  artifactKey: Guid(331926bd2a5c79045bd04aa4556cd328) Importer(815301076,1909f56bfc062723c751e8b465ee728b)
Start importing Assets/Models/Megapoly/Prefabs/SingleMonitorFrame.prefab using Guid(331926bd2a5c79045bd04aa4556cd328) Importer(815301076,1909f56bfc062723c751e8b465ee728b)  -> (artifact id: '897baa3ffe3d0aa71477a20f5ad705d7') in 0.010488 seconds 
========================================================================
Received Import Request.
  Time since last request: 0.000018 seconds.
  path: Assets/Models/Megapoly/Prefabs/Green_ButtonRectangularwFrame.prefab
  artifactKey: Guid(9e1c7dc117a292b4c801677777be91d9) Importer(815301076,1909f56bfc062723c751e8b465ee728b)
Start importing Assets/Models/Megapoly/Prefabs/Green_ButtonRectangularwFrame.prefab using Guid(9e1c7dc117a292b4c801677777be91d9) Importer(815301076,1909f56bfc062723c751e8b465ee728b)  -> (artifact id: 'e9639b529cb103b58f9a1576977a2c6e') in 0.010859 seconds 
========================================================================
Received Import Request.
  Time since last request: 0.000015 seconds.
  path: Assets/Models/Megapoly/Prefabs/SmallMonitorFrame.prefab
  artifactKey: Guid(8e185173dceb02e4db7be07e971bba75) Importer(815301076,1909f56bfc062723c751e8b465ee728b)
Start importing Assets/Models/Megapoly/Prefabs/SmallMonitorFrame.prefab using Guid(8e185173dceb02e4db7be07e971bba75) Importer(815301076,1909f56bfc062723c751e8b465ee728b)  -> (artifact id: '952c45b5d54dc784be903e7e1117ad75') in 0.009780 seconds 
========================================================================
Received Import Request.
  Time since last request: 0.000016 seconds.
  path: Assets/Models/Megapoly/Prefabs/Red_ButtonRectangularwFrame.prefab
  artifactKey: Guid(06818b3bced71024aaebfdd5dacc6705) Importer(815301076,1909f56bfc062723c751e8b465ee728b)
Start importing Assets/Models/Megapoly/Prefabs/Red_ButtonRectangularwFrame.prefab using Guid(06818b3bced71024aaebfdd5dacc6705) Importer(815301076,1909f56bfc062723c751e8b465ee728b)  -> (artifact id: '438913d09e9b7747502ea7e7c81bd982') in 0.012081 seconds 
========================================================================
Received Import Request.
  Time since last request: 0.000019 seconds.
  path: Assets/Models/Megapoly/Prefabs/JackInput.prefab
  artifactKey: Guid(6257ddab6720e2646853d03a7478a253) Importer(815301076,1909f56bfc062723c751e8b465ee728b)
Start importing Assets/Models/Megapoly/Prefabs/JackInput.prefab using Guid(6257ddab6720e2646853d03a7478a253) Importer(815301076,1909f56bfc062723c751e8b465ee728b)  -> (artifact id: '060d4c6adf74e9f619823dbaf533c6d8') in 0.009416 seconds 
========================================================================
Received Import Request.
  Time since last request: 0.000024 seconds.
  path: Assets/Models/Megapoly/Prefabs/LampBlue.prefab
  artifactKey: Guid(fdf8b6bf126de44428dcab4191cbc949) Importer(815301076,1909f56bfc062723c751e8b465ee728b)
Start importing Assets/Models/Megapoly/Prefabs/LampBlue.prefab using Guid(fdf8b6bf126de44428dcab4191cbc949) Importer(815301076,1909f56bfc062723c751e8b465ee728b)  -> (artifact id: 'bbf847c6bc93c8dcda1745c3630cec3f') in 0.011376 seconds 
========================================================================
Received Import Request.
  Time since last request: 0.000016 seconds.
  path: Assets/Models/Megapoly/Prefabs/KeyPad 9.prefab
  artifactKey: Guid(3be4a07f25ab64641aa8a3cf1e04c52d) Importer(815301076,1909f56bfc062723c751e8b465ee728b)
Start importing Assets/Models/Megapoly/Prefabs/KeyPad 9.prefab using Guid(3be4a07f25ab64641aa8a3cf1e04c52d) Importer(815301076,1909f56bfc062723c751e8b465ee728b)  -> (artifact id: '315ae7196b0d05e3858f5cbcf8b87d13') in 0.015222 seconds 
========================================================================
Received Import Request.
  Time since last request: 0.000017 seconds.
  path: Assets/Models/Megapoly/Prefabs/Needle_Knob_BlackWhite.prefab
  artifactKey: Guid(0161a804e68b964408891ec04709d69e) Importer(815301076,1909f56bfc062723c751e8b465ee728b)
Start importing Assets/Models/Megapoly/Prefabs/Needle_Knob_BlackWhite.prefab using Guid(0161a804e68b964408891ec04709d69e) Importer(815301076,1909f56bfc062723c751e8b465ee728b)  -> (artifact id: '849d812c6229787bdfeb433f521444c7') in 0.010720 seconds 
========================================================================
Received Import Request.
  Time since last request: 0.000017 seconds.
  path: Assets/Models/Megapoly/Prefabs/Mid_Plate.prefab
  artifactKey: Guid(ba79fd5ea2e8bf14faee36018d49c4d5) Importer(815301076,1909f56bfc062723c751e8b465ee728b)
Start importing Assets/Models/Megapoly/Prefabs/Mid_Plate.prefab using Guid(ba79fd5ea2e8bf14faee36018d49c4d5) Importer(815301076,1909f56bfc062723c751e8b465ee728b)  -> (artifact id: 'befefe1d8de9b541fa94268c506c7c94') in 0.010881 seconds 
========================================================================
Received Import Request.
  Time since last request: 0.000016 seconds.
  path: Assets/Models/Megapoly/Prefabs/PushButtonYellowwFrame.prefab
  artifactKey: Guid(0de317ec1d64d51488f3152e663fa480) Importer(815301076,1909f56bfc062723c751e8b465ee728b)
Start importing Assets/Models/Megapoly/Prefabs/PushButtonYellowwFrame.prefab using Guid(0de317ec1d64d51488f3152e663fa480) Importer(815301076,1909f56bfc062723c751e8b465ee728b)  -> (artifact id: '4dc79a54a6128f5c354dd23f2c827f8c') in 0.010617 seconds 
========================================================================
Received Import Request.
  Time since last request: 223.065119 seconds.
  path: Assets/Models/Megapoly/Meshes/ButtonRectangularFrame.FBX
  artifactKey: Guid(fc5f00f2f207c564089977c2b42a8986) Importer(815301076,1909f56bfc062723c751e8b465ee728b)
Start importing Assets/Models/Megapoly/Meshes/ButtonRectangularFrame.FBX using Guid(fc5f00f2f207c564089977c2b42a8986) Importer(815301076,1909f56bfc062723c751e8b465ee728b)  -> (artifact id: 'dbaaec0c6d5d244d61206dc7a60faa6d') in 0.047416 seconds 
========================================================================
Received Import Request.
  Time since last request: 0.000017 seconds.
  path: Assets/Models/Megapoly/Meshes/Mid_Plate.FBX
  artifactKey: Guid(c50424076dc6b9e4ba68eebee5e0abad) Importer(815301076,1909f56bfc062723c751e8b465ee728b)
Start importing Assets/Models/Megapoly/Meshes/Mid_Plate.FBX using Guid(c50424076dc6b9e4ba68eebee5e0abad) Importer(815301076,1909f56bfc062723c751e8b465ee728b)  -> (artifact id: '3855bb77daabc4b83cfb261ea4afee54') in 0.035567 seconds 
========================================================================
Received Import Request.
  Time since last request: 0.000021 seconds.
  path: Assets/Models/Megapoly/Meshes/Needle_Knob_BlackWhite.FBX
  artifactKey: Guid(17452e6f7c2d8984d8b0b0ac65fa20bf) Importer(815301076,1909f56bfc062723c751e8b465ee728b)
Start importing Assets/Models/Megapoly/Meshes/Needle_Knob_BlackWhite.FBX using Guid(17452e6f7c2d8984d8b0b0ac65fa20bf) Importer(815301076,1909f56bfc062723c751e8b465ee728b)  -> (artifact id: 'df6caf98de8e16cd31d5c2f3da82fca6') in 0.021315 seconds 
========================================================================
Received Import Request.
  Time since last request: 0.000023 seconds.
  path: Assets/Models/Megapoly/Meshes/Plate.FBX
  artifactKey: Guid(9f4c66bbea4776f4ba0cd99b43f1436a) Importer(815301076,1909f56bfc062723c751e8b465ee728b)
Start importing Assets/Models/Megapoly/Meshes/Plate.FBX using Guid(9f4c66bbea4776f4ba0cd99b43f1436a) Importer(815301076,1909f56bfc062723c751e8b465ee728b)  -> (artifact id: '9baaf9c8a88a7185811c146b24812c0d') in 0.016523 seconds 
========================================================================
Received Import Request.
  Time since last request: 0.000015 seconds.
  path: Assets/Models/Megapoly/Meshes/Gauge_Round_2.FBX
  artifactKey: Guid(cb47aed425f577a47bdf943ae6b5e074) Importer(815301076,1909f56bfc062723c751e8b465ee728b)
Start importing Assets/Models/Megapoly/Meshes/Gauge_Round_2.FBX using Guid(cb47aed425f577a47bdf943ae6b5e074) Importer(815301076,1909f56bfc062723c751e8b465ee728b)  -> (artifact id: '46ea55cb05f6e8d3b736ad9e6a384ef3') in 0.047378 seconds 
========================================================================
Received Import Request.
  Time since last request: 0.000016 seconds.
  path: Assets/Models/Megapoly/Meshes/Knob.FBX
  artifactKey: Guid(cd8b0484f6bad9d44a3519df2daa4fdf) Importer(815301076,1909f56bfc062723c751e8b465ee728b)
Start importing Assets/Models/Megapoly/Meshes/Knob.FBX using Guid(cd8b0484f6bad9d44a3519df2daa4fdf) Importer(815301076,1909f56bfc062723c751e8b465ee728b)  -> (artifact id: '50a9487df685b0811dbe178c91cbc2f8') in 0.034366 seconds 
========================================================================
Received Import Request.
  Time since last request: 0.000015 seconds.
  path: Assets/Models/Megapoly/Meshes/Gauge_Round_1.FBX
  artifactKey: Guid(176ac049497f6c146bdcbc77719ca0c3) Importer(815301076,1909f56bfc062723c751e8b465ee728b)
Start importing Assets/Models/Megapoly/Meshes/Gauge_Round_1.FBX using Guid(176ac049497f6c146bdcbc77719ca0c3) Importer(815301076,1909f56bfc062723c751e8b465ee728b)  -> (artifact id: 'd081c718c0f08fba2ac17401194ed0b1') in 0.064452 seconds 
========================================================================
Received Import Request.
  Time since last request: 0.000015 seconds.
  path: Assets/Models/Megapoly/Meshes/Long_Plate.FBX
  artifactKey: Guid(cf6264aac0a24884d985e664bcc14351) Importer(815301076,1909f56bfc062723c751e8b465ee728b)
Start importing Assets/Models/Megapoly/Meshes/Long_Plate.FBX using Guid(cf6264aac0a24884d985e664bcc14351) Importer(815301076,1909f56bfc062723c751e8b465ee728b)  -> (artifact id: '9154cd5c4694e92914a748be57ff2e9c') in 0.013131 seconds 
========================================================================
Received Import Request.
  Time since last request: 0.000016 seconds.
  path: Assets/Models/Megapoly/Meshes/Needle_Knob_Black.FBX
  artifactKey: Guid(091f8ba2b2473404d8a50ebf0f0d38a0) Importer(815301076,1909f56bfc062723c751e8b465ee728b)
Start importing Assets/Models/Megapoly/Meshes/Needle_Knob_Black.FBX using Guid(091f8ba2b2473404d8a50ebf0f0d38a0) Importer(815301076,1909f56bfc062723c751e8b465ee728b)  -> (artifact id: '0cf51cf64fa0305bb9d4b10ad1a9bb27') in 0.013149 seconds 
========================================================================
Received Import Request.
  Time since last request: 0.000017 seconds.
  path: Assets/Models/Megapoly/Meshes/PushButton.FBX
  artifactKey: Guid(cf9743e8b1077ed47b8fec595e767b0d) Importer(815301076,1909f56bfc062723c751e8b465ee728b)
Start importing Assets/Models/Megapoly/Meshes/PushButton.FBX using Guid(cf9743e8b1077ed47b8fec595e767b0d) Importer(815301076,1909f56bfc062723c751e8b465ee728b)  -> (artifact id: 'd83a3f22a3b2383a895b88f501b591cc') in 0.015410 seconds 
========================================================================
Received Import Request.
  Time since last request: 0.000026 seconds.
  path: Assets/Models/Megapoly/Meshes/Magentic_Tape.FBX
  artifactKey: Guid(b217747873737c94e98a8bb3d10dc088) Importer(815301076,1909f56bfc062723c751e8b465ee728b)
Start importing Assets/Models/Megapoly/Meshes/Magentic_Tape.FBX using Guid(b217747873737c94e98a8bb3d10dc088) Importer(815301076,1909f56bfc062723c751e8b465ee728b)  -> (artifact id: '12dff81e7817f57bd3b9b074f2ac5554') in 0.015601 seconds 
========================================================================
Received Import Request.
  Time since last request: 0.000019 seconds.
  path: Assets/Models/Megapoly/Meshes/Roller_Spindle.FBX
  artifactKey: Guid(b906e24ae80ec9c44a224ff46edd7806) Importer(815301076,1909f56bfc062723c751e8b465ee728b)
Start importing Assets/Models/Megapoly/Meshes/Roller_Spindle.FBX using Guid(b906e24ae80ec9c44a224ff46edd7806) Importer(815301076,1909f56bfc062723c751e8b465ee728b)  -> (artifact id: 'c8adb2b07a820b68c61751a9fef62435') in 0.014317 seconds 
========================================================================
Received Import Request.
  Time since last request: 0.000013 seconds.
  path: Assets/Models/Megapoly/Meshes/Simple_Knob_RedBlack.FBX
  artifactKey: Guid(1693960817d7e3046a737d99a734910f) Importer(815301076,1909f56bfc062723c751e8b465ee728b)
Start importing Assets/Models/Megapoly/Meshes/Simple_Knob_RedBlack.FBX using Guid(1693960817d7e3046a737d99a734910f) Importer(815301076,1909f56bfc062723c751e8b465ee728b)  -> (artifact id: 'd9213548959f8ff652ae396d5d8113b1') in 0.014787 seconds 
========================================================================
Received Import Request.
  Time since last request: 0.000023 seconds.
  path: Assets/Models/Megapoly/Meshes/HandleLong.FBX
  artifactKey: Guid(4e88337f4086fd74b926d606cd8e05f5) Importer(815301076,1909f56bfc062723c751e8b465ee728b)
Start importing Assets/Models/Megapoly/Meshes/HandleLong.FBX using Guid(4e88337f4086fd74b926d606cd8e05f5) Importer(815301076,1909f56bfc062723c751e8b465ee728b)  -> (artifact id: 'a8283b6d89ce01cd99f457c32fa1a6f8') in 0.015101 seconds 
========================================================================
Received Import Request.
  Time since last request: 0.000015 seconds.
  path: Assets/Models/Megapoly/Meshes/Monitor_Round.FBX
  artifactKey: Guid(de2d41fa7bec0a54c91b39e50193ea49) Importer(815301076,1909f56bfc062723c751e8b465ee728b)
Start importing Assets/Models/Megapoly/Meshes/Monitor_Round.FBX using Guid(de2d41fa7bec0a54c91b39e50193ea49) Importer(815301076,1909f56bfc062723c751e8b465ee728b)  -> (artifact id: '0a29318daffa3032851ffe1b278e3186') in 0.027654 seconds 
========================================================================
Received Import Request.
  Time since last request: 0.000018 seconds.
  path: Assets/Models/Megapoly/Meshes/Knob_Big_Black.FBX
  artifactKey: Guid(2f811a4681070604abd47438d4c3c799) Importer(815301076,1909f56bfc062723c751e8b465ee728b)
Start importing Assets/Models/Megapoly/Meshes/Knob_Big_Black.FBX using Guid(2f811a4681070604abd47438d4c3c799) Importer(815301076,1909f56bfc062723c751e8b465ee728b)  -> (artifact id: '63a1c35c71690845c0ee07f5de60e5d2') in 0.014495 seconds 
========================================================================
Received Import Request.
  Time since last request: 0.000018 seconds.
  path: Assets/Models/Megapoly/Meshes/Knob_Black.FBX
  artifactKey: Guid(fa342a2f2bdb03a46b93d1b222b16ae8) Importer(815301076,1909f56bfc062723c751e8b465ee728b)
Start importing Assets/Models/Megapoly/Meshes/Knob_Black.FBX using Guid(fa342a2f2bdb03a46b93d1b222b16ae8) Importer(815301076,1909f56bfc062723c751e8b465ee728b)  -> (artifact id: '632f04e4a6ae4fc70711163cb93147eb') in 0.014958 seconds 
========================================================================
Received Import Request.
  Time since last request: 0.000019 seconds.
  path: Assets/Models/Megapoly/Meshes/Gauge_Wide.FBX
  artifactKey: Guid(e22503990ec5b084b8678dc869d6d77f) Importer(815301076,1909f56bfc062723c751e8b465ee728b)
Start importing Assets/Models/Megapoly/Meshes/Gauge_Wide.FBX using Guid(e22503990ec5b084b8678dc869d6d77f) Importer(815301076,1909f56bfc062723c751e8b465ee728b)  -> (artifact id: '8225e63d2c2a513c652a6b8d45c39f0d') in 0.022030 seconds 
========================================================================
Received Import Request.
  Time since last request: 0.000018 seconds.
  path: Assets/Models/Megapoly/Meshes/SmallMonitorFrame.FBX
  artifactKey: Guid(321d64d5bc5abc34a959a29889cd1a46) Importer(815301076,1909f56bfc062723c751e8b465ee728b)
Start importing Assets/Models/Megapoly/Meshes/SmallMonitorFrame.FBX using Guid(321d64d5bc5abc34a959a29889cd1a46) Importer(815301076,1909f56bfc062723c751e8b465ee728b)  -> (artifact id: '5f640b7f0279931194bc9616209aa569') in 0.015182 seconds 
========================================================================
Received Import Request.
  Time since last request: 0.000018 seconds.
  path: Assets/Models/Megapoly/Meshes/Lamp.FBX
  artifactKey: Guid(da2e2e84bb19c4d4f91996df489df31a) Importer(815301076,1909f56bfc062723c751e8b465ee728b)
Start importing Assets/Models/Megapoly/Meshes/Lamp.FBX using Guid(da2e2e84bb19c4d4f91996df489df31a) Importer(815301076,1909f56bfc062723c751e8b465ee728b)  -> (artifact id: 'df7b85f06e1b59c4af423c665f68d783') in 0.015156 seconds 
========================================================================
Received Import Request.
  Time since last request: 0.000020 seconds.
  path: Assets/Models/Megapoly/Meshes/Handle_Short.FBX
  artifactKey: Guid(f4bf56f4606d32c47938992d3c958776) Importer(815301076,1909f56bfc062723c751e8b465ee728b)
Start importing Assets/Models/Megapoly/Meshes/Handle_Short.FBX using Guid(f4bf56f4606d32c47938992d3c958776) Importer(815301076,1909f56bfc062723c751e8b465ee728b)  -> (artifact id: 'b7e9b931af37d42ff5a37e31a8acaf24') in 0.015245 seconds 
========================================================================
Received Import Request.
  Time since last request: 0.000024 seconds.
  path: Assets/Models/Megapoly/Meshes/Monitor_CRT.FBX
  artifactKey: Guid(c8d7d7d964665c34fa67819e2e0e01ff) Importer(815301076,1909f56bfc062723c751e8b465ee728b)
Start importing Assets/Models/Megapoly/Meshes/Monitor_CRT.FBX using Guid(c8d7d7d964665c34fa67819e2e0e01ff) Importer(815301076,1909f56bfc062723c751e8b465ee728b)  -> (artifact id: '5f62c8ccf5ebdd19ac5d919772229088') in 0.023368 seconds 
========================================================================
Received Import Request.
  Time since last request: 0.000015 seconds.
  path: Assets/Models/Megapoly/Meshes/TapeBox.FBX
  artifactKey: Guid(fc3af03ddb3d28944adc39903b79e059) Importer(815301076,1909f56bfc062723c751e8b465ee728b)
Start importing Assets/Models/Megapoly/Meshes/TapeBox.FBX using Guid(fc3af03ddb3d28944adc39903b79e059) Importer(815301076,1909f56bfc062723c751e8b465ee728b)  -> (artifact id: '509cf6633d35af243150394e2c4e594e') in 0.014354 seconds 
Editor requested this worker to shutdown with reason: Scaling down because of idle timeout
AssetImportWorker is now disconnected from the server
Process exiting
Exiting without the bug reporter. Application will terminate with return code 0